<?xml version="1.0" encoding="UTF-8"?>
<testsuite xmlns:xsi="http://www.w3.org/2001/XMLSchema-instance" xsi:noNamespaceSchemaLocation="https://maven.apache.org/surefire/maven-surefire-plugin/xsd/surefire-test-report-3.0.xsd" version="3.0" name="com.app.quantitymeasurement.QuantityMeasurementTest" time="0.329" tests="60" errors="0" skipped="0" failures="0">
  <properties>
[...]
</properties>
  <testcase name="givenOneLitreAndOneLitre_ShouldReturnEqual" classname="com.app.quantitymeasurement.QuantityMeasurementTest" time="0.014"/>
  <testcase name="givenOneKgAndOneKg_ShouldReturnEqual" classname="com.app.quantitymeasurement.QuantityMeasurementTest" time="0.024"/>
  <testcase name="givenOneFootAndTwelveInches_ShouldReturnTwentyFourInches_WhenTargetIsInches" classname="com.app.quantitymeasurement.QuantityMeasurementTest" time="0.008"/>
  <testcase name="givenTwoDifferentFeetValues_ShouldReturnNotEqual" classname="com.app.quantitymeasurement.QuantityMeasurementTest" time="0.033"/>
  <testcase name="givenOneGallonAndThreePointSevenEightLitres_ShouldReturnApproxTwoGallons" classname="com.app.quantitymeasurement.QuantityMeasurementTest" time="0"/>
  <testcase name="givenDifferentClassType_ShouldReturnNotEqual" classname="com.app.quantitymeasurement.QuantityMeasurementTest" time="0"/>
  <testcase name="givenThirtySixInchesAndOneYard_ShouldReturnEqual" classname="com.app.quantitymeasurement.QuantityMeasurementTest" time="0"/>
  <testcase name="givenTwoInchesAndTwoPointFiveFourCm_ShouldReturnThreeInches" classname="com.app.quantitymeasurement.QuantityMeasurementTest" time="0"/>
  <testcase name="givenCelsiusAndLength_ShouldNotBeEqual" classname="com.app.quantitymeasurement.QuantityMeasurementTest" time="0.051"/>
  <testcase name="givenTenKilogramsAndFiveKilograms_ShouldReturnTwo_OnDivision" classname="com.app.quantitymeasurement.QuantityMeasurementTest" time="0"/>
  <testcase name="givenZeroCelsiusAndZeroCelsius_ShouldBeEqual" classname="com.app.quantitymeasurement.QuantityMeasurementTest" time="0"/>
  <testcase name="givenOneYardAndThirtySixInches_ShouldReturnEqual" classname="com.app.quantitymeasurement.QuantityMeasurementTest" time="0"/>
  <testcase name="givenOneInchAndOneYard_ShouldReturnNotEqual" classname="com.app.quantitymeasurement.QuantityMeasurementTest" time="0"/>
  <testcase name="givenNullUnit_ShouldThrowException" classname="com.app.quantitymeasurement.QuantityMeasurementTest" time="0.03"/>
  <testcase name="givenTwoInchesAndFivePointZeroEightCm_ShouldReturnEqual" classname="com.app.quantitymeasurement.QuantityMeasurementTest" time="0"/>
  <testcase name="givenTwoInchesAndTwoInches_ShouldReturnFourInches" classname="com.app.quantitymeasurement.QuantityMeasurementTest" time="0"/>
  <testcase name="givenNullTargetUnitInConversion_ShouldThrowException" classname="com.app.quantitymeasurement.QuantityMeasurementTest" time="0.018"/>
  <testcase name="givenOneGallon_ShouldReturnApproxLitres" classname="com.app.quantitymeasurement.QuantityMeasurementTest" time="0.002"/>
  <testcase name="givenNegative40CelsiusAndNegative40Fahrenheit_ShouldBeEqual" classname="com.app.quantitymeasurement.QuantityMeasurementTest" time="0"/>
  <testcase name="givenValidQuantities_ShouldThrowException_WhenTargetUnitIsNull" classname="com.app.quantitymeasurement.QuantityMeasurementTest" time="0.011"/>
  <testcase name="givenOneGallonAndThreePointSevenEightLitres_ShouldReturnApproxOne_OnDivision" classname="com.app.quantitymeasurement.QuantityMeasurementTest" time="0"/>
  <testcase name="givenNaNValue_ShouldThrowException" classname="com.app.quantitymeasurement.QuantityMeasurementTest" time="0.011"/>
  <testcase name="givenOneKilogramAndFiveHundredGrams_ShouldReturnZeroPointFiveKilograms_OnSubtraction" classname="com.app.quantitymeasurement.QuantityMeasurementTest" time="0.004"/>
  <testcase name="givenThirtySixInches_ShouldConvertToOneYard" classname="com.app.quantitymeasurement.QuantityMeasurementTest" time="0"/>
  <testcase name="givenTwoPointFiveFourCmAndOneInch_ShouldReturnFivePointZeroEightCm_WhenTargetIsCm" classname="com.app.quantitymeasurement.QuantityMeasurementTest" time="0"/>
  <testcase name="givenTenFeetAndSixInches_ShouldReturnNinePointFiveFeet_OnSubtraction" classname="com.app.quantitymeasurement.QuantityMeasurementTest" time="0"/>
  <testcase name="givenNullQuantity_ShouldReturnNotEqual" classname="com.app.quantitymeasurement.QuantityMeasurementTest" time="0"/>
  <testcase name="givenZeroFeetAndZeroInches_ShouldReturnEqual" classname="com.app.quantitymeasurement.QuantityMeasurementTest" time="0.001"/>
  <testcase name="givenOneLitreAndThousandMillilitres_ShouldReturnEqual" classname="com.app.quantitymeasurement.QuantityMeasurementTest" time="0"/>
  <testcase name="givenOneFootAndOneYard_ShouldReturnNotEqual" classname="com.app.quantitymeasurement.QuantityMeasurementTest" time="0"/>
  <testcase name="givenThreeFeetAndOneYard_ShouldReturnEqual" classname="com.app.quantitymeasurement.QuantityMeasurementTest" time="0"/>
  <testcase name="given100CelsiusAnd212Fahrenheit_ShouldBeEqual" classname="com.app.quantitymeasurement.QuantityMeasurementTest" time="0"/>
  <testcase name="givenOneFootAndTwelveInches_ShouldReturnTwoFeet_WhenTargetIsFeet" classname="com.app.quantitymeasurement.QuantityMeasurementTest" time="0"/>
  <testcase name="givenZeroFeetAndZeroFeet_ShouldReturnEqual" classname="com.app.quantitymeasurement.QuantityMeasurementTest" time="0"/>
  <testcase name="givenThousandGramsAndOneKg_ShouldReturnTwoKg_WhenTargetIsKg" classname="com.app.quantitymeasurement.QuantityMeasurementTest" time="0.011"/>
  <testcase name="givenOnePoundAndOnePound_ShouldReturnExpectedKg" classname="com.app.quantitymeasurement.QuantityMeasurementTest" time="0"/>
  <testcase name="givenTwoDifferentInchesValues_ShouldReturnNotEqual" classname="com.app.quantitymeasurement.QuantityMeasurementTest" time="0"/>
  <testcase name="givenTwoYards_ShouldConvertToSixFeet" classname="com.app.quantitymeasurement.QuantityMeasurementTest" time="0.005"/>
  <testcase name="givenOneFoot_ShouldConvertToTwelveInches" classname="com.app.quantitymeasurement.QuantityMeasurementTest" time="0"/>
  <testcase name="givenReferenceToSameObject_ShouldReturnEqual" classname="com.app.quantitymeasurement.QuantityMeasurementTest" time="0"/>
  <testcase name="given100CelsiusAnd50Celsius_ShouldThrowUnsupportedOperationExceptionOnAddition" classname="com.app.quantitymeasurement.QuantityMeasurementTest" time="0.015"/>
  <testcase name="givenQuantityDividedByZero_ShouldThrowException" classname="com.app.quantitymeasurement.QuantityMeasurementTest" time="0"/>
  <testcase name="givenOneKgAndThousandGrams_ShouldReturnEqual" classname="com.app.quantitymeasurement.QuantityMeasurementTest" time="0"/>
  <testcase name="givenInfiniteValue_ShouldThrowException" classname="com.app.quantitymeasurement.QuantityMeasurementTest" time="0.016"/>
  <testcase name="givenOneLitreAndOneKg_ShouldNotBeEqual" classname="com.app.quantitymeasurement.QuantityMeasurementTest" time="0"/>
  <testcase name="givenNullQuantityToAdd_ShouldThrowException" classname="com.app.quantitymeasurement.QuantityMeasurementTest" time="0"/>
  <testcase name="givenOneYardAndThreeFeet_ShouldReturnEqual" classname="com.app.quantitymeasurement.QuantityMeasurementTest" time="0"/>
  <testcase name="givenOnePound_ShouldReturnApproxKg" classname="com.app.quantitymeasurement.QuantityMeasurementTest" time="0"/>
  <testcase name="givenOneKgAndOneFoot_ShouldNotBeEqual" classname="com.app.quantitymeasurement.QuantityMeasurementTest" time="0"/>
  <testcase name="givenOneFootAndOneInch_ShouldReturnNotEqual" classname="com.app.quantitymeasurement.QuantityMeasurementTest" time="0.001"/>
  <testcase name="givenOneYard_ShouldConvertToNinetyOnePointFourFourCm" classname="com.app.quantitymeasurement.QuantityMeasurementTest" time="0.001"/>
  <testcase name="givenOneInch_ShouldConvertToTwoPointFiveFourCm" classname="com.app.quantitymeasurement.QuantityMeasurementTest" time="0"/>
  <testcase name="givenOneLitreAndThousandMillilitres_ShouldReturnTwoLitres_WhenTargetIsLitre" classname="com.app.quantitymeasurement.QuantityMeasurementTest" time="0.001"/>
  <testcase name="givenOneFootAndTwoInches_ShouldReturnFourteenInches_WhenAddedToInches" classname="com.app.quantitymeasurement.QuantityMeasurementTest" time="0.002"/>
  <testcase name="givenOneFootAndTwelveInches_ShouldReturnEqual" classname="com.app.quantitymeasurement.QuantityMeasurementTest" time="0.001"/>
  <testcase name="givenFiveLitresAndTwoLitres_ShouldReturnThreeLitres_OnSubtraction" classname="com.app.quantitymeasurement.QuantityMeasurementTest" time="0"/>
  <testcase name="givenZeroInchesAndZeroInches_ShouldReturnEqual" classname="com.app.quantitymeasurement.QuantityMeasurementTest" time="0"/>
  <testcase name="givenThirtySixInchesAndOneYard_ShouldReturnSixFeet_WhenTargetIsFeet" classname="com.app.quantitymeasurement.QuantityMeasurementTest" time="0"/>
  <testcase name="givenZeroCelsiusAnd32Fahrenheit_ShouldBeEqual" classname="com.app.quantitymeasurement.QuantityMeasurementTest" time="0"/>
  <testcase name="givenOneFootAndTwelveInches_ShouldReturnTwoFeet" classname="com.app.quantitymeasurement.QuantityMeasurementTest" time="0"/>
</testsuite>