<?xml version="1.0" encoding="UTF-8"?>
<testsuite xmlns:xsi="http://www.w3.org/2001/XMLSchema-instance" xsi:noNamespaceSchemaLocation="https://maven.apache.org/surefire/maven-surefire-plugin/xsd/surefire-test-report-3.0.xsd" version="3.0" name="com.app.quantitymeasurement.QuantityMeasurementAppTest" time="0.057" tests="7" errors="0" skipped="0" failures="0">
  <properties>
[...]
</properties>
  <testcase name="testService_CompareEquality_SameUnit_Success" classname="com.app.quantitymeasurement.QuantityMeasurementAppTest" time="0.004">
    <system-out><![CDATA[14:16:49.747 [main] INFO com.app.quantitymeasurement.repository.QuantityMeasurementCacheRepository -- Saved entity to cache: COMPARE
]]></system-out>
  </testcase>
  <testcase name="testService_Add_UnsupportedOperation_Error" classname="com.app.quantitymeasurement.QuantityMeasurementAppTest" time="0.014">
    <system-out><![CDATA[14:16:49.763 [main] INFO com.app.quantitymeasurement.repository.QuantityMeasurementCacheRepository -- Saved entity to cache: ADD
]]></system-out>
  </testcase>
  <testcase name="testController_DemonstrateEquality_Success" classname="com.app.quantitymeasurement.QuantityMeasurementAppTest" time="0.007">
    <system-out><![CDATA[14:16:49.773 [main] INFO com.app.quantitymeasurement.repository.QuantityMeasurementCacheRepository -- Saved entity to cache: COMPARE
14:16:49.773 [main] INFO com.app.quantitymeasurement.controller.QuantityMeasurementController -- Operation: COMPARE | Operand1: 1.0 FEET | Operand2: 12.0 INCHES | Result: true
]]></system-out>
  </testcase>
  <testcase name="testQuantityEntity_ToString_Success" classname="com.app.quantitymeasurement.QuantityMeasurementAppTest" time="0.009"/>
  <testcase name="testService_Add_Success" classname="com.app.quantitymeasurement.QuantityMeasurementAppTest" time="0.002">
    <system-out><![CDATA[14:16:49.789 [main] INFO com.app.quantitymeasurement.repository.QuantityMeasurementCacheRepository -- Saved entity to cache: ADD
]]></system-out>
  </testcase>
  <testcase name="testService_CompareEquality_CrossCategory_Error" classname="com.app.quantitymeasurement.QuantityMeasurementAppTest" time="0.004">
    <system-out><![CDATA[14:16:49.793 [main] INFO com.app.quantitymeasurement.repository.QuantityMeasurementCacheRepository -- Saved entity to cache: COMPARE
]]></system-out>
  </testcase>
  <testcase name="testQuantityEntity_ToString_Error" classname="com.app.quantitymeasurement.QuantityMeasurementAppTest" time="0.003"/>
</testsuite>