<?xml version="1.0" encoding="UTF-8"?>
<testsuite xmlns:xsi="http://www.w3.org/2001/XMLSchema-instance" xsi:noNamespaceSchemaLocation="https://maven.apache.org/surefire/maven-surefire-plugin/xsd/surefire-test-report-3.0.xsd" version="3.0" name="com.app.quantitymeasurement.repository.QuantityMeasurementDatabaseRepositoryTest" time="0.072" tests="5" errors="0" skipped="0" failures="0">
  <properties>
[...]
</properties>
  <testcase name="testDatabaseRepository_SaveEntity" classname="com.app.quantitymeasurement.repository.QuantityMeasurementDatabaseRepositoryTest" time="0.014">
    <system-out><![CDATA[14:16:49.903 [main] INFO com.app.quantitymeasurement.repository.QuantityMeasurementDatabaseRepository -- Deleted all measurements from database.
14:16:49.905 [main] INFO com.app.quantitymeasurement.repository.QuantityMeasurementDatabaseRepository -- Saved entity to database: COMPARE
14:16:49.905 [main] INFO com.app.quantitymeasurement.repository.QuantityMeasurementDatabaseRepository -- Deleted all measurements from database.
14:16:49.905 [main] INFO com.app.quantitymeasurement.util.ConnectionPool -- All database connections closed.
]]></system-out>
  </testcase>
  <testcase name="testDatabaseRepository_DeleteAll" classname="com.app.quantitymeasurement.repository.QuantityMeasurementDatabaseRepositoryTest" time="0.01">
    <system-out><![CDATA[14:16:49.910 [main] INFO com.app.quantitymeasurement.repository.QuantityMeasurementDatabaseRepository -- Deleted all measurements from database.
14:16:49.916 [main] INFO com.app.quantitymeasurement.repository.QuantityMeasurementDatabaseRepository -- Saved entity to database: ADD
14:16:49.918 [main] INFO com.app.quantitymeasurement.repository.QuantityMeasurementDatabaseRepository -- Deleted all measurements from database.
14:16:49.919 [main] INFO com.app.quantitymeasurement.repository.QuantityMeasurementDatabaseRepository -- Deleted all measurements from database.
14:16:49.920 [main] INFO com.app.quantitymeasurement.util.ConnectionPool -- All database connections closed.
]]></system-out>
  </testcase>
  <testcase name="testDatabaseRepository_RetrieveAllMeasurements" classname="com.app.quantitymeasurement.repository.QuantityMeasurementDatabaseRepositoryTest" time="0.01">
    <system-out><![CDATA[14:16:49.926 [main] INFO com.app.quantitymeasurement.repository.QuantityMeasurementDatabaseRepository -- Deleted all measurements from database.
14:16:49.927 [main] INFO com.app.quantitymeasurement.repository.QuantityMeasurementDatabaseRepository -- Saved entity to database: COMPARE
14:16:49.928 [main] INFO com.app.quantitymeasurement.repository.QuantityMeasurementDatabaseRepository -- Saved entity to database: ADD
14:16:49.930 [main] INFO com.app.quantitymeasurement.repository.QuantityMeasurementDatabaseRepository -- Deleted all measurements from database.
14:16:49.931 [main] INFO com.app.quantitymeasurement.util.ConnectionPool -- All database connections closed.
]]></system-out>
  </testcase>
  <testcase name="testDatabaseRepository_QueryByOperation" classname="com.app.quantitymeasurement.repository.QuantityMeasurementDatabaseRepositoryTest" time="0.018">
    <system-out><![CDATA[14:16:49.939 [main] INFO com.app.quantitymeasurement.repository.QuantityMeasurementDatabaseRepository -- Deleted all measurements from database.
14:16:49.941 [main] INFO com.app.quantitymeasurement.repository.QuantityMeasurementDatabaseRepository -- Saved entity to database: COMPARE
14:16:49.942 [main] INFO com.app.quantitymeasurement.repository.QuantityMeasurementDatabaseRepository -- Saved entity to database: ADD
14:16:49.943 [main] INFO com.app.quantitymeasurement.repository.QuantityMeasurementDatabaseRepository -- Saved entity to database: COMPARE
14:16:49.950 [main] INFO com.app.quantitymeasurement.repository.QuantityMeasurementDatabaseRepository -- Deleted all measurements from database.
14:16:49.950 [main] INFO com.app.quantitymeasurement.util.ConnectionPool -- All database connections closed.
]]></system-out>
  </testcase>
  <testcase name="testDatabaseRepository_QueryByMeasurementType" classname="com.app.quantitymeasurement.repository.QuantityMeasurementDatabaseRepositoryTest" time="0.013">
    <system-out><![CDATA[14:16:49.957 [main] INFO com.app.quantitymeasurement.repository.QuantityMeasurementDatabaseRepository -- Deleted all measurements from database.
14:16:49.959 [main] INFO com.app.quantitymeasurement.repository.QuantityMeasurementDatabaseRepository -- Saved entity to database: COMPARE
14:16:49.960 [main] INFO com.app.quantitymeasurement.repository.QuantityMeasurementDatabaseRepository -- Saved entity to database: COMPARE
14:16:49.962 [main] INFO com.app.quantitymeasurement.repository.QuantityMeasurementDatabaseRepository -- Deleted all measurements from database.
14:16:49.962 [main] INFO com.app.quantitymeasurement.util.ConnectionPool -- All database connections closed.
]]></system-out>
  </testcase>
</testsuite>