<?xml version="1.0" encoding="UTF-8"?>
<testsuite xmlns:xsi="http://www.w3.org/2001/XMLSchema-instance" xsi:noNamespaceSchemaLocation="https://maven.apache.org/surefire/maven-surefire-plugin/xsd/surefire-test-report-3.0.xsd" version="3.0" name="com.app.quantitymeasurement.integrationTests.QuantityMeasurementIntegrationTest" time="7.795" tests="1" errors="0" skipped="0" failures="0">
  <properties>
[...]
</properties>
  <testcase name="testCompare_Integration" classname="com.app.quantitymeasurement.integrationTests.QuantityMeasurementIntegrationTest" time="0.287">
    <system-out><![CDATA[2026-06-22T14:58:49.486+05:30  INFO 53884 --- [           main] t.c.s.AnnotationConfigContextLoaderUtils : Could not detect default configuration classes for test class [com.app.quantitymeasurement.integrationTests.QuantityMeasurementIntegrationTest]: QuantityMeasurementIntegrationTest does not declare any static, non-private, non-final, nested classes annotated with @Configuration.
2026-06-22T14:58:49.516+05:30  INFO 53884 --- [           main] .b.t.c.SpringBootTestContextBootstrapper : Found @SpringBootConfiguration com.app.quantitymeasurement.QuantityMeasurementApp for test class com.app.quantitymeasurement.integrationTests.QuantityMeasurementIntegrationTest

  .   ____          _            __ _ _
 /\\ / ___'_ __ _ _(_)_ __  __ _ \ \ \ \
( ( )\___ | '_ | '_| | '_ \/ _` | \ \ \ \
 \\/  ___)| |_)| | | | | || (_| |  ) ) ) )
  '  |____| .__|_| |_|_| |_\__, | / / / /
 =========|_|==============|___/=/_/_/_/
 :: Spring Boot ::                (v3.1.5)

2026-06-22T14:58:49.612+05:30  INFO 53884 --- [           main] a.q.i.QuantityMeasurementIntegrationTest : Starting QuantityMeasurementIntegrationTest using Java 21.0.6 with PID 53884 (started by cheenu in C:\Users\cheenu\Documents\mt4\New folder\Quantity-Measurement-App)
2026-06-22T14:58:49.613+05:30  INFO 53884 --- [           main] a.q.i.QuantityMeasurementIntegrationTest : No active profile set, falling back to 1 default profile: "default"
2026-06-22T14:58:50.462+05:30  INFO 53884 --- [           main] .s.d.r.c.RepositoryConfigurationDelegate : Bootstrapping Spring Data JPA repositories in DEFAULT mode.
2026-06-22T14:58:50.579+05:30  INFO 53884 --- [           main] .s.d.r.c.RepositoryConfigurationDelegate : Finished Spring Data repository scanning in 92 ms. Found 1 JPA repository interfaces.
2026-06-22T14:58:52.897+05:30  INFO 53884 --- [           main] o.hibernate.jpa.internal.util.LogHelper  : HHH000204: Processing PersistenceUnitInfo [name: default]
2026-06-22T14:58:53.095+05:30  INFO 53884 --- [           main] org.hibernate.Version                    : HHH000412: Hibernate ORM core version 6.2.13.Final
2026-06-22T14:58:53.095+05:30  INFO 53884 --- [           main] org.hibernate.cfg.Environment            : HHH000406: Using bytecode reflection optimizer
2026-06-22T14:58:53.362+05:30  INFO 53884 --- [           main] o.s.o.j.p.SpringPersistenceUnitInfo      : No LoadTimeWeaver setup: ignoring JPA class transformer
2026-06-22T14:58:53.418+05:30  INFO 53884 --- [           main] com.zaxxer.hikari.HikariDataSource       : HikariPool-1 - Starting...
2026-06-22T14:58:53.733+05:30  INFO 53884 --- [           main] com.zaxxer.hikari.pool.HikariPool        : HikariPool-1 - Added connection conn0: url=jdbc:h2:mem:quantity_db user=SA
2026-06-22T14:58:53.733+05:30  INFO 53884 --- [           main] com.zaxxer.hikari.HikariDataSource       : HikariPool-1 - Start completed.
2026-06-22T14:58:53.778+05:30  WARN 53884 --- [           main] org.hibernate.orm.deprecation            : HHH90000025: H2Dialect does not need to be specified explicitly using 'hibernate.dialect' (remove the property setting and it will be selected by default)
2026-06-22T14:58:54.893+05:30  INFO 53884 --- [           main] o.h.e.t.j.p.i.JtaPlatformInitiator       : HHH000489: No JTA platform available (set 'hibernate.transaction.jta.platform' to enable JTA platform integration)
Hibernate: 
    create table quantity_measurement_history (
        id bigint generated by default as identity,
        error_message varchar(255),
        has_error boolean,
        measurement_type varchar(255),
        operation_type varchar(255),
        result varchar(255),
        primary key (id)
    )
2026-06-22T14:58:54.985+05:30  INFO 53884 --- [           main] j.LocalContainerEntityManagerFactoryBean : Initialized JPA EntityManagerFactory for persistence unit 'default'
2026-06-22T14:58:56.579+05:30  WARN 53884 --- [           main] JpaBaseConfiguration$JpaWebConfiguration : spring.jpa.open-in-view is enabled by default. Therefore, database queries may be performed during view rendering. Explicitly configure spring.jpa.open-in-view to disable this warning
2026-06-22T14:58:56.841+05:30  INFO 53884 --- [           main] o.s.b.a.h2.H2ConsoleAutoConfiguration    : H2 console available at '/h2-console'. Database available at 'jdbc:h2:mem:quantity_db'
2026-06-22T14:58:56.972+05:30  INFO 53884 --- [           main] a.q.i.QuantityMeasurementIntegrationTest : Started QuantityMeasurementIntegrationTest in 7.418 seconds (process running for 18.748)
Hibernate: 
    insert 
    into
        quantity_measurement_history
        (error_message,has_error,measurement_type,operation_type,result,id) 
    values
        (?,?,?,?,?,default)
2026-06-22T14:58:57.225+05:30  INFO 53884 --- [           main] c.a.q.c.QuantityMeasurementController    : Operation: COMPARE | Operand1: 1.0 FEET | Operand2: 12.0 INCHES | Result: true
]]></system-out>
  </testcase>
</testsuite>