<?xml version="1.0" encoding="UTF-8"?>
<testsuite xmlns:xsi="http://www.w3.org/2001/XMLSchema-instance" xsi:noNamespaceSchemaLocation="https://maven.apache.org/surefire/maven-surefire-plugin/xsd/surefire-test-report-3.0.xsd" version="3.0" name="quantitymeasurement.QuantityMeasurementTest" time="0.082" tests="60" errors="0" skipped="0" failures="0">
  <properties>
[...]
</properties>
  <testcase name="givenOneLitreAndOneLitre_ShouldReturnEqual" classname="quantitymeasurement.QuantityMeasurementTest" time="0"/>
  <testcase name="givenOneKgAndOneKg_ShouldReturnEqual" classname="quantitymeasurement.QuantityMeasurementTest" time="0"/>
  <testcase name="givenOneFootAndTwelveInches_ShouldReturnTwentyFourInches_WhenTargetIsInches" classname="quantitymeasurement.QuantityMeasurementTest" time="0.014"/>
  <testcase name="givenTwoDifferentFeetValues_ShouldReturnNotEqual" classname="quantitymeasurement.QuantityMeasurementTest" time="0.003"/>
  <testcase name="givenOneGallonAndThreePointSevenEightLitres_ShouldReturnApproxTwoGallons" classname="quantitymeasurement.QuantityMeasurementTest" time="0"/>
  <testcase name="givenDifferentClassType_ShouldReturnNotEqual" classname="quantitymeasurement.QuantityMeasurementTest" time="0"/>
  <testcase name="givenThirtySixInchesAndOneYard_ShouldReturnEqual" classname="quantitymeasurement.QuantityMeasurementTest" time="0"/>
  <testcase name="givenTwoInchesAndTwoPointFiveFourCm_ShouldReturnThreeInches" classname="quantitymeasurement.QuantityMeasurementTest" time="0.007"/>
  <testcase name="givenCelsiusAndLength_ShouldNotBeEqual" classname="quantitymeasurement.QuantityMeasurementTest" time="0"/>
  <testcase name="givenTenKilogramsAndFiveKilograms_ShouldReturnTwo_OnDivision" classname="quantitymeasurement.QuantityMeasurementTest" time="0"/>
  <testcase name="givenZeroCelsiusAndZeroCelsius_ShouldBeEqual" classname="quantitymeasurement.QuantityMeasurementTest" time="0"/>
  <testcase name="givenOneYardAndThirtySixInches_ShouldReturnEqual" classname="quantitymeasurement.QuantityMeasurementTest" time="0.005"/>
  <testcase name="givenOneInchAndOneYard_ShouldReturnNotEqual" classname="quantitymeasurement.QuantityMeasurementTest" time="0.002"/>
  <testcase name="givenNullUnit_ShouldThrowException" classname="quantitymeasurement.QuantityMeasurementTest" time="0"/>
  <testcase name="givenTwoInchesAndFivePointZeroEightCm_ShouldReturnEqual" classname="quantitymeasurement.QuantityMeasurementTest" time="0"/>
  <testcase name="givenTwoInchesAndTwoInches_ShouldReturnFourInches" classname="quantitymeasurement.QuantityMeasurementTest" time="0.001"/>
  <testcase name="givenNullTargetUnitInConversion_ShouldThrowException" classname="quantitymeasurement.QuantityMeasurementTest" time="0.003"/>
  <testcase name="givenOneGallon_ShouldReturnApproxLitres" classname="quantitymeasurement.QuantityMeasurementTest" time="0.001"/>
  <testcase name="givenNegative40CelsiusAndNegative40Fahrenheit_ShouldBeEqual" classname="quantitymeasurement.QuantityMeasurementTest" time="0.001"/>
  <testcase name="givenValidQuantities_ShouldThrowException_WhenTargetUnitIsNull" classname="quantitymeasurement.QuantityMeasurementTest" time="0.001"/>
  <testcase name="givenOneGallonAndThreePointSevenEightLitres_ShouldReturnApproxOne_OnDivision" classname="quantitymeasurement.QuantityMeasurementTest" time="0.001"/>
  <testcase name="givenNaNValue_ShouldThrowException" classname="quantitymeasurement.QuantityMeasurementTest" time="0.002"/>
  <testcase name="givenOneKilogramAndFiveHundredGrams_ShouldReturnZeroPointFiveKilograms_OnSubtraction" classname="quantitymeasurement.QuantityMeasurementTest" time="0"/>
  <testcase name="givenThirtySixInches_ShouldConvertToOneYard" classname="quantitymeasurement.QuantityMeasurementTest" time="0"/>
  <testcase name="givenTwoPointFiveFourCmAndOneInch_ShouldReturnFivePointZeroEightCm_WhenTargetIsCm" classname="quantitymeasurement.QuantityMeasurementTest" time="0"/>
  <testcase name="givenTenFeetAndSixInches_ShouldReturnNinePointFiveFeet_OnSubtraction" classname="quantitymeasurement.QuantityMeasurementTest" time="0"/>
  <testcase name="givenNullQuantity_ShouldReturnNotEqual" classname="quantitymeasurement.QuantityMeasurementTest" time="0.004"/>
  <testcase name="givenZeroFeetAndZeroInches_ShouldReturnEqual" classname="quantitymeasurement.QuantityMeasurementTest" time="0"/>
  <testcase name="givenOneLitreAndThousandMillilitres_ShouldReturnEqual" classname="quantitymeasurement.QuantityMeasurementTest" time="0"/>
  <testcase name="givenOneFootAndOneYard_ShouldReturnNotEqual" classname="quantitymeasurement.QuantityMeasurementTest" time="0.003"/>
  <testcase name="givenThreeFeetAndOneYard_ShouldReturnEqual" classname="quantitymeasurement.QuantityMeasurementTest" time="0"/>
  <testcase name="given100CelsiusAnd212Fahrenheit_ShouldBeEqual" classname="quantitymeasurement.QuantityMeasurementTest" time="0"/>
  <testcase name="givenOneFootAndTwelveInches_ShouldReturnTwoFeet_WhenTargetIsFeet" classname="quantitymeasurement.QuantityMeasurementTest" time="0"/>
  <testcase name="givenZeroFeetAndZeroFeet_ShouldReturnEqual" classname="quantitymeasurement.QuantityMeasurementTest" time="0"/>
  <testcase name="givenThousandGramsAndOneKg_ShouldReturnTwoKg_WhenTargetIsKg" classname="quantitymeasurement.QuantityMeasurementTest" time="0"/>
  <testcase name="givenOnePoundAndOnePound_ShouldReturnExpectedKg" classname="quantitymeasurement.QuantityMeasurementTest" time="0"/>
  <testcase name="givenTwoDifferentInchesValues_ShouldReturnNotEqual" classname="quantitymeasurement.QuantityMeasurementTest" time="0"/>
  <testcase name="givenTwoYards_ShouldConvertToSixFeet" classname="quantitymeasurement.QuantityMeasurementTest" time="0"/>
  <testcase name="givenOneFoot_ShouldConvertToTwelveInches" classname="quantitymeasurement.QuantityMeasurementTest" time="0.005"/>
  <testcase name="givenReferenceToSameObject_ShouldReturnEqual" classname="quantitymeasurement.QuantityMeasurementTest" time="0.001"/>
  <testcase name="given100CelsiusAnd50Celsius_ShouldThrowUnsupportedOperationExceptionOnAddition" classname="quantitymeasurement.QuantityMeasurementTest" time="0.001"/>
  <testcase name="givenQuantityDividedByZero_ShouldThrowException" classname="quantitymeasurement.QuantityMeasurementTest" time="0"/>
  <testcase name="givenOneKgAndThousandGrams_ShouldReturnEqual" classname="quantitymeasurement.QuantityMeasurementTest" time="0"/>
  <testcase name="givenInfiniteValue_ShouldThrowException" classname="quantitymeasurement.QuantityMeasurementTest" time="0"/>
  <testcase name="givenOneLitreAndOneKg_ShouldNotBeEqual" classname="quantitymeasurement.QuantityMeasurementTest" time="0"/>
  <testcase name="givenNullQuantityToAdd_ShouldThrowException" classname="quantitymeasurement.QuantityMeasurementTest" time="0"/>
  <testcase name="givenOneYardAndThreeFeet_ShouldReturnEqual" classname="quantitymeasurement.QuantityMeasurementTest" time="0"/>
  <testcase name="givenOnePound_ShouldReturnApproxKg" classname="quantitymeasurement.QuantityMeasurementTest" time="0"/>
  <testcase name="givenOneKgAndOneFoot_ShouldNotBeEqual" classname="quantitymeasurement.QuantityMeasurementTest" time="0"/>
  <testcase name="givenOneFootAndOneInch_ShouldReturnNotEqual" classname="quantitymeasurement.QuantityMeasurementTest" time="0"/>
  <testcase name="givenOneYard_ShouldConvertToNinetyOnePointFourFourCm" classname="quantitymeasurement.QuantityMeasurementTest" time="0"/>
  <testcase name="givenOneInch_ShouldConvertToTwoPointFiveFourCm" classname="quantitymeasurement.QuantityMeasurementTest" time="0"/>
  <testcase name="givenOneLitreAndThousandMillilitres_ShouldReturnTwoLitres_WhenTargetIsLitre" classname="quantitymeasurement.QuantityMeasurementTest" time="0"/>
  <testcase name="givenOneFootAndTwoInches_ShouldReturnFourteenInches_WhenAddedToInches" classname="quantitymeasurement.QuantityMeasurementTest" time="0"/>
  <testcase name="givenOneFootAndTwelveInches_ShouldReturnEqual" classname="quantitymeasurement.QuantityMeasurementTest" time="0"/>
  <testcase name="givenFiveLitresAndTwoLitres_ShouldReturnThreeLitres_OnSubtraction" classname="quantitymeasurement.QuantityMeasurementTest" time="0"/>
  <testcase name="givenZeroInchesAndZeroInches_ShouldReturnEqual" classname="quantitymeasurement.QuantityMeasurementTest" time="0"/>
  <testcase name="givenThirtySixInchesAndOneYard_ShouldReturnSixFeet_WhenTargetIsFeet" classname="quantitymeasurement.QuantityMeasurementTest" time="0"/>
  <testcase name="givenZeroCelsiusAnd32Fahrenheit_ShouldBeEqual" classname="quantitymeasurement.QuantityMeasurementTest" time="0"/>
  <testcase name="givenOneFootAndTwelveInches_ShouldReturnTwoFeet" classname="quantitymeasurement.QuantityMeasurementTest" time="0"/>
</testsuite>